
nutple file: /nfs/slac/g/atlas/u02/cmilke/datasets/VBFH125_gamgam/data-CxAOD-0.root
(25.177588, 2.0944617, 0.6512682, 1.5, 4, 23)
(38.42692, -3.1877723, -1.8035543, 0.33, 2, 23)
(53.661213, 2.1362197, -0.39959985, 0.5, 3, 23)
(75.07975, -1.2358487, 2.4805815, 124.98917, 25, 44)
(76.32015, -1.2241961, 2.5411394, 124.98917, 25, 44)
(76.31027, -1.224179, 2.5430176, 124.98917, 25, 44)
(76.41123, -1.2238154, 2.5428286, 124.98917, 25, 44)
(76.71973, -1.2185464, 2.5356462, 124.98917, 25, 62)
(59.16905, -0.052687313, -2.8951015, 0.0, 22, 1)

[22]
(72.03673, 2.8766215, 0.38411605, 0.33, 1, 23)
(122.85823, -2.836722, -0.42095459, 0.33, 2, 23)
(7.2440567, 3.079264, -1.260069, 2.1324804e-06, 21, 23)
(183.95872, 0.7600856, 2.9783742, 124.98502, 25, 44)
(183.61754, 0.75873077, 2.9792302, 124.98502, 25, 44)
(183.70921, 0.75899744, 2.977921, 124.98502, 25, 44)
(183.1302, 0.7620873, 2.9761853, 124.98502, 25, 62)
(22.237715, -0.10229924, -1.3765912, 0.0, 22, 1)
(192.08707, 0.74109006, 2.8676085, 0.0, 22, 1)

(72.03673, 2.8766215, 0.38411605, 0.33, 1, 23)
(122.85823, -2.836722, -0.42095459, 0.33, 2, 23)

(72.03673, 2.8766215, 0.38411605, 0.33, 1, 23)

(72.03673, 2.8766215, 0.38411605, 0.33, 1, 23)
(122.85823, -2.836722, -0.42095459, 0.33, 2, 23)
(7.2440567, 3.079264, -1.260069, 2.1324804e-06, 21, 23)
(183.95872, 0.7600856, 2.9783742, 124.98502, 25, 44)
(183.61754, 0.75873077, 2.9792302, 124.98502, 25, 44)
(183.70921, 0.75899744, 2.977921, 124.98502, 25, 44)
(183.1302, 0.7620873, 2.9761853, 124.98502, 25, 62)
(22.237715, -0.10229924, -1.3765912, 0.0, 22, 1)
(192.08707, 0.74109006, 2.8676085, 0.0, 22, 1)

(72.03673, 2.8766215, 0.38411605, 0.33, 1, 23)
(122.85823, -2.836722, -0.42095459, 0.33, 2, 23)
(7.2440567, 3.079264, -1.260069, 2.1324804e-06, 21, 23)
(183.95872, 0.7600856, 2.9783742, 124.98502, 25, 44)
(183.61754, 0.75873077, 2.9792302, 124.98502, 25, 44)
(183.70921, 0.75899744, 2.977921, 124.98502, 25, 44)
(183.1302, 0.7620873, 2.9761853, 124.98502, 25, 62)
(22.237715, -0.10229924, -1.3765912, 0.0, 22, 1)
(192.08707, 0.74109006, 2.8676085, 0.0, 22, 1)

(72.03673, 2.8766215, 0.38411605, 0.33, 1, 23)
(122.85823, -2.836722, -0.42095459, 0.33, 2, 23)
(7.2440567, 3.079264, -1.260069, 2.1324804e-06, 21, 23)
(183.95872, 0.7600856, 2.9783742, 124.98502, 25, 44)
(183.61754, 0.75873077, 2.9792302, 124.98502, 25, 44)
(183.70921, 0.75899744, 2.977921, 124.98502, 25, 44)
(183.1302, 0.7620873, 2.9761853, 124.98502, 25, 62)
(22.237715, -0.10229924, -1.3765912, 0.0, 22, 1)
(192.08707, 0.74109006, 2.8676085, 0.0, 22, 1)

[22, 2, 1, -1, -1, -1]
(5.77645, 4.600705, 1.98598, 1.5, 4, 23)
(52.336765, -4.0594273, -2.9756439, 0.33, 1, 23)
(56.648075, -4.1791615, 2.9585524, 3.0517578e-05, 21, 23)
(109.829185, 0.5419111, -0.06279685, 124.99736, 25, 44)
(111.666084, 0.5290947, -0.052241776, 124.99736, 25, 44)
(111.650085, 0.5290124, -0.052780565, 124.99736, 25, 44)
(111.44843, 0.5306342, -0.046618678, 124.99736, 25, 44)
(111.36925, 0.5314818, -0.051292785, 124.99736, 25, 62)
(64.50047, 1.1483074, 0.38986474, 0.0, 22, 1)

(5.77645, 4.600705, 1.98598, 1.5, 4, 23)
(52.336765, -4.0594273, -2.9756439, 0.33, 1, 23)
(56.648075, -4.1791615, 2.9585524, 3.0517578e-05, 21, 23)
(109.829185, 0.5419111, -0.06279685, 124.99736, 25, 44)
(111.666084, 0.5290947, -0.052241776, 124.99736, 25, 44)
(111.650085, 0.5290124, -0.052780565, 124.99736, 25, 44)
(111.44843, 0.5306342, -0.046618678, 124.99736, 25, 44)
(111.36925, 0.5314818, -0.051292785, 124.99736, 25, 62)
(64.50047, 1.1483074, 0.38986474, 0.0, 22, 1)
(59.76773, -0.47447446, -0.5301865, 0.0, 22, 1)

[22, 22]
(11.283219, 3.6565099, 0.61650705, 0.33, 2, 23)
(13.722678, -4.84186, -0.21963939, 0.33, 2, 23)
(6.190711, 2.5142486, -0.41890433, 0.33, 1, 23)
(28.300095, 3.3181028, -3.1047182, 124.99995, 25, 44)
(27.633991, 3.3436406, -3.1113672, 124.99995, 25, 44)
(28.605537, 3.3092146, -3.1039073, 124.99995, 25, 44)
(28.974976, 3.2963965, -3.1060863, 124.99995, 25, 62)
(38.9013, 1.0083829, -0.39162475, 0.0, 22, 1)
(66.36758, 2.3495357, 2.9318283, 0.0, 22, 1)

(11.283219, 3.6565099, 0.61650705, 0.33, 2, 23)
(13.722678, -4.84186, -0.21963939, 0.33, 2, 23)
(6.190711, 2.5142486, -0.41890433, 0.33, 1, 23)
(28.300095, 3.3181028, -3.1047182, 124.99995, 25, 44)
(27.633991, 3.3436406, -3.1113672, 124.99995, 25, 44)
(28.605537, 3.3092146, -3.1039073, 124.99995, 25, 44)
(28.974976, 3.2963965, -3.1060863, 124.99995, 25, 62)
(38.9013, 1.0083829, -0.39162475, 0.0, 22, 1)

[22, 22]
(11.982881, 3.8356173, -1.4074515, 0.33, 1, 23)
(37.990112, 0.5246886, -1.479193, 0.33, 1, 23)
(1.6434066, 6.9629683, -2.4461162, 1.8688124e-05, 21, 23)
(50.59704, 2.2008417, 1.6613172, 125.00205, 25, 62)
(12.090023, 3.5273345, -0.023048675, 0.0, 22, 1)
(53.33738, 0.36946774, 1.8884764, 0.0, 22, 1)

(11.982881, 3.8356173, -1.4074515, 0.33, 1, 23)
(37.990112, 0.5246886, -1.479193, 0.33, 1, 23)

[22, 1]
(79.76958, -0.51666105, 1.145217, 0.33, 2, 23)

(79.76958, -0.51666105, 1.145217, 0.33, 2, 23)
(61.045185, -2.3317058, -1.8784531, 0.33, 1, 23)
(5.0530005, 0.93750674, -0.9250238, 3.9537247e-07, 21, 23)
(20.03357, -4.1580667, -2.5837982, 125.00255, 25, 44)
(20.54681, -4.1380424, -2.630636, 125.00255, 25, 44)
(21.034851, -4.1139116, -2.6824734, 125.00255, 25, 62)
(50.89834, -2.9220777, 1.8563775, 0.0, 22, 1)
(58.333836, -1.8013371, -1.6483198, 0.0, 22, 1)

(79.76958, -0.51666105, 1.145217, 0.33, 2, 23)
(61.045185, -2.3317058, -1.8784531, 0.33, 1, 23)

(79.76958, -0.51666105, 1.145217, 0.33, 2, 23)
(61.045185, -2.3317058, -1.8784531, 0.33, 1, 23)
(5.0530005, 0.93750674, -0.9250238, 3.9537247e-07, 21, 23)
(20.03357, -4.1580667, -2.5837982, 125.00255, 25, 44)
(20.54681, -4.1380424, -2.630636, 125.00255, 25, 44)
(21.034851, -4.1139116, -2.6824734, 125.00255, 25, 62)
(50.89834, -2.9220777, 1.8563775, 0.0, 22, 1)

[2, 22, 1, 22]
(94.38308, -0.08787998, -2.5332916, 0.33, 1, 23)
(34.736034, -5.0809016, -1.0684646, 0.33, 2, 23)
(13.260725, 1.1588124, 0.12127466, 1.0115243e-06, 21, 23)
(95.487045, 0.3436889, 1.047332, 125.0067, 25, 44)
(97.78084, 0.3274683, 1.0563815, 125.0067, 25, 44)
(99.74203, 0.31189093, 1.0467972, 125.0067, 25, 44)
(100.678894, 0.3045313, 1.040162, 125.0067, 25, 62)
(30.323559, 0.449122, -1.6796377, 0.0, 22, 1)
(128.94379, 0.13188049, 1.1365887, 0.0, 22, 1)

(94.38308, -0.08787998, -2.5332916, 0.33, 1, 23)

[22, 1]
(47.408936, 2.756357, 1.5222691, 0.33, 1, 23)
(15.91193, -1.1533945, 0.17083886, 0.33, 1, 23)
(5.7647367, 1.9001181, -0.14667913, 0.33, 2, 23)
(55.01541, 2.0263438, -2.0046613, 124.99703, 25, 44)
(56.000957, 2.0141215, -2.0103645, 124.99703, 25, 44)
(56.375156, 2.0095644, -1.9954231, 124.99703, 25, 44)
(56.177956, 2.0114584, -1.9870918, 124.99703, 25, 44)
(56.47114, 2.0063233, -1.9825001, 124.99703, 25, 44)
(57.84429, 1.9852208, -1.9718592, 124.99703, 25, 62)
(81.50563, 0.72973996, -2.1380436, 0.0, 22, 1)

(47.408936, 2.756357, 1.5222691, 0.33, 1, 23)

[22, 1]
(31.065538, 4.0576754, -0.43771252, 0.33, 1, 23)
(133.64441, 0.09332206, 0.5971643, 0.33, 1, 23)
(0.5126398, -0.516732, 0.5543157, 2.6935678e-07, 21, 23)
(152.61919, 1.934811, -2.7285914, 124.99846, 25, 44)
(152.63274, 1.9336711, -2.7299907, 124.99846, 25, 44)
(152.66685, 1.9334487, -2.730617, 124.99846, 25, 44)
(152.15099, 1.9361994, -2.7285752, 124.99846, 25, 62)
(21.521603, 0.08884516, -2.4414136, 0.0, 22, 1)
(131.65184, 2.072151, -2.7748928, 0.0, 22, 1)

(31.065538, 4.0576754, -0.43771252, 0.33, 1, 23)
(133.64441, 0.09332206, 0.5971643, 0.33, 1, 23)

[22, 1]
(12.208508, -3.2227058, -1.0366273, 0.33, 1, 23)
(86.96721, -3.5870318, 1.3408461, 0.33, 2, 23)
(4.0627956, -4.0218663, 0.4029373, 2.3360155e-06, 21, 23)
(81.35855, -3.6126316, -1.9237344, 125.008545, 25, 44)
(80.26603, -3.6164153, -1.9131199, 125.008545, 25, 44)
(79.3141, -3.6200376, -1.904063, 125.008545, 25, 44)
(79.33309, -3.6196396, -1.8957858, 125.008545, 25, 44)
(78.931114, -3.62179, -1.8908145, 125.008545, 25, 44)
(78.97323, -3.6206717, -1.8925818, 125.008545, 25, 62)
(66.53834, -3.3086483, -0.82024485, 0.0, 22, 1)
(75.09871, -2.7166708, -2.7843795, 0.0, 22, 1)

(12.208508, -3.2227058, -1.0366273, 0.33, 1, 23)
(86.96721, -3.5870318, 1.3408461, 0.33, 2, 23)

(12.208508, -3.2227058, -1.0366273, 0.33, 1, 23)

[22, 2, 1]


nutple file: /nfs/slac/g/atlas/u02/cmilke/datasets/VBFH125_gamgam/data-CxAOD-0.root
Basket: 0
{'tpartpdgID': 4, 'tpartstatus': 23, 'tpartpT': 25.177588, 'tparteta': 2.0944617, 'tpartphi': 0.6512682, 'tpartm': 1.5}
{'tpartpdgID': 2, 'tpartstatus': 23, 'tpartpT': 38.42692, 'tparteta': -3.1877723, 'tpartphi': -1.8035543, 'tpartm': 0.33}
{'tpartpdgID': 3, 'tpartstatus': 23, 'tpartpT': 53.661213, 'tparteta': 2.1362197, 'tpartphi': -0.39959985, 'tpartm': 0.5}
{'tpartpdgID': 25, 'tpartstatus': 44, 'tpartpT': 75.07975, 'tparteta': -1.2358487, 'tpartphi': 2.4805815, 'tpartm': 124.98917}
{'tpartpdgID': 25, 'tpartstatus': 44, 'tpartpT': 76.32015, 'tparteta': -1.2241961, 'tpartphi': 2.5411394, 'tpartm': 124.98917}
{'tpartpdgID': 25, 'tpartstatus': 44, 'tpartpT': 76.31027, 'tparteta': -1.224179, 'tpartphi': 2.5430176, 'tpartm': 124.98917}
{'tpartpdgID': 25, 'tpartstatus': 44, 'tpartpT': 76.41123, 'tparteta': -1.2238154, 'tpartphi': 2.5428286, 'tpartm': 124.98917}
{'tpartpdgID': 25, 'tpartstatus': 62, 'tpartpT': 76.71973, 'tparteta': -1.2185464, 'tpartphi': 2.5356462, 'tpartm': 124.98917}

[-1]
{'tpartpdgID': 1, 'tpartstatus': 23, 'tpartpT': 72.03673, 'tparteta': 2.8766215, 'tpartphi': 0.38411605, 'tpartm': 0.33}
{'tpartpdgID': 2, 'tpartstatus': 23, 'tpartpT': 122.85823, 'tparteta': -2.836722, 'tpartphi': -0.42095459, 'tpartm': 0.33}
{'tpartpdgID': 21, 'tpartstatus': 23, 'tpartpT': 7.2440567, 'tparteta': 3.079264, 'tpartphi': -1.260069, 'tpartm': 2.1324804e-06}
{'tpartpdgID': 25, 'tpartstatus': 44, 'tpartpT': 183.95872, 'tparteta': 0.7600856, 'tpartphi': 2.9783742, 'tpartm': 124.98502}
{'tpartpdgID': 25, 'tpartstatus': 44, 'tpartpT': 183.61754, 'tparteta': 0.75873077, 'tpartphi': 2.9792302, 'tpartm': 124.98502}
{'tpartpdgID': 25, 'tpartstatus': 44, 'tpartpT': 183.70921, 'tparteta': 0.75899744, 'tpartphi': 2.977921, 'tpartm': 124.98502}

{'tpartpdgID': 1, 'tpartstatus': 23, 'tpartpT': 72.03673, 'tparteta': 2.8766215, 'tpartphi': 0.38411605, 'tpartm': 0.33}
{'tpartpdgID': 2, 'tpartstatus': 23, 'tpartpT': 122.85823, 'tparteta': -2.836722, 'tpartphi': -0.42095459, 'tpartm': 0.33}

{'tpartpdgID': 1, 'tpartstatus': 23, 'tpartpT': 72.03673, 'tparteta': 2.8766215, 'tpartphi': 0.38411605, 'tpartm': 0.33}

{'tpartpdgID': 1, 'tpartstatus': 23, 'tpartpT': 72.03673, 'tparteta': 2.8766215, 'tpartphi': 0.38411605, 'tpartm': 0.33}
{'tpartpdgID': 2, 'tpartstatus': 23, 'tpartpT': 122.85823, 'tparteta': -2.836722, 'tpartphi': -0.42095459, 'tpartm': 0.33}
{'tpartpdgID': 21, 'tpartstatus': 23, 'tpartpT': 7.2440567, 'tparteta': 3.079264, 'tpartphi': -1.260069, 'tpartm': 2.1324804e-06}
{'tpartpdgID': 25, 'tpartstatus': 44, 'tpartpT': 183.95872, 'tparteta': 0.7600856, 'tpartphi': 2.9783742, 'tpartm': 124.98502}
{'tpartpdgID': 25, 'tpartstatus': 44, 'tpartpT': 183.61754, 'tparteta': 0.75873077, 'tpartphi': 2.9792302, 'tpartm': 124.98502}
{'tpartpdgID': 25, 'tpartstatus': 44, 'tpartpT': 183.70921, 'tparteta': 0.75899744, 'tpartphi': 2.977921, 'tpartm': 124.98502}

{'tpartpdgID': 1, 'tpartstatus': 23, 'tpartpT': 72.03673, 'tparteta': 2.8766215, 'tpartphi': 0.38411605, 'tpartm': 0.33}
{'tpartpdgID': 2, 'tpartstatus': 23, 'tpartpT': 122.85823, 'tparteta': -2.836722, 'tpartphi': -0.42095459, 'tpartm': 0.33}
{'tpartpdgID': 21, 'tpartstatus': 23, 'tpartpT': 7.2440567, 'tparteta': 3.079264, 'tpartphi': -1.260069, 'tpartm': 2.1324804e-06}
{'tpartpdgID': 25, 'tpartstatus': 44, 'tpartpT': 183.95872, 'tparteta': 0.7600856, 'tpartphi': 2.9783742, 'tpartm': 124.98502}
{'tpartpdgID': 25, 'tpartstatus': 44, 'tpartpT': 183.61754, 'tparteta': 0.75873077, 'tpartphi': 2.9792302, 'tpartm': 124.98502}
{'tpartpdgID': 25, 'tpartstatus': 44, 'tpartpT': 183.70921, 'tparteta': 0.75899744, 'tpartphi': 2.977921, 'tpartm': 124.98502}

{'tpartpdgID': 1, 'tpartstatus': 23, 'tpartpT': 72.03673, 'tparteta': 2.8766215, 'tpartphi': 0.38411605, 'tpartm': 0.33}
{'tpartpdgID': 2, 'tpartstatus': 23, 'tpartpT': 122.85823, 'tparteta': -2.836722, 'tpartphi': -0.42095459, 'tpartm': 0.33}
{'tpartpdgID': 21, 'tpartstatus': 23, 'tpartpT': 7.2440567, 'tparteta': 3.079264, 'tpartphi': -1.260069, 'tpartm': 2.1324804e-06}
{'tpartpdgID': 25, 'tpartstatus': 44, 'tpartpT': 183.95872, 'tparteta': 0.7600856, 'tpartphi': 2.9783742, 'tpartm': 124.98502}
{'tpartpdgID': 25, 'tpartstatus': 44, 'tpartpT': 183.61754, 'tparteta': 0.75873077, 'tpartphi': 2.9792302, 'tpartm': 124.98502}
{'tpartpdgID': 25, 'tpartstatus': 44, 'tpartpT': 183.70921, 'tparteta': 0.75899744, 'tpartphi': 2.977921, 'tpartm': 124.98502}

[-1, 2, 1, -1, -1, -1]
{'tpartpdgID': 4, 'tpartstatus': 23, 'tpartpT': 5.77645, 'tparteta': 4.600705, 'tpartphi': 1.98598, 'tpartm': 1.5}
{'tpartpdgID': 1, 'tpartstatus': 23, 'tpartpT': 52.336765, 'tparteta': -4.0594273, 'tpartphi': -2.9756439, 'tpartm': 0.33}
{'tpartpdgID': 21, 'tpartstatus': 23, 'tpartpT': 56.648075, 'tparteta': -4.1791615, 'tpartphi': 2.9585524, 'tpartm': 3.0517578e-05}
{'tpartpdgID': 25, 'tpartstatus': 44, 'tpartpT': 109.829185, 'tparteta': 0.5419111, 'tpartphi': -0.06279685, 'tpartm': 124.99736}
{'tpartpdgID': 25, 'tpartstatus': 44, 'tpartpT': 111.666084, 'tparteta': 0.5290947, 'tpartphi': -0.052241776, 'tpartm': 124.99736}

{'tpartpdgID': 4, 'tpartstatus': 23, 'tpartpT': 5.77645, 'tparteta': 4.600705, 'tpartphi': 1.98598, 'tpartm': 1.5}
{'tpartpdgID': 1, 'tpartstatus': 23, 'tpartpT': 52.336765, 'tparteta': -4.0594273, 'tpartphi': -2.9756439, 'tpartm': 0.33}
{'tpartpdgID': 21, 'tpartstatus': 23, 'tpartpT': 56.648075, 'tparteta': -4.1791615, 'tpartphi': 2.9585524, 'tpartm': 3.0517578e-05}
{'tpartpdgID': 25, 'tpartstatus': 44, 'tpartpT': 109.829185, 'tparteta': 0.5419111, 'tpartphi': -0.06279685, 'tpartm': 124.99736}
{'tpartpdgID': 25, 'tpartstatus': 44, 'tpartpT': 111.666084, 'tparteta': 0.5290947, 'tpartphi': -0.052241776, 'tpartm': 124.99736}

[-1, -1]
{'tpartpdgID': 2, 'tpartstatus': 23, 'tpartpT': 11.283219, 'tparteta': 3.6565099, 'tpartphi': 0.61650705, 'tpartm': 0.33}
{'tpartpdgID': 2, 'tpartstatus': 23, 'tpartpT': 13.722678, 'tparteta': -4.84186, 'tpartphi': -0.21963939, 'tpartm': 0.33}
{'tpartpdgID': 1, 'tpartstatus': 23, 'tpartpT': 6.190711, 'tparteta': 2.5142486, 'tpartphi': -0.41890433, 'tpartm': 0.33}
{'tpartpdgID': 25, 'tpartstatus': 44, 'tpartpT': 28.300095, 'tparteta': 3.3181028, 'tpartphi': -3.1047182, 'tpartm': 124.99995}
{'tpartpdgID': 25, 'tpartstatus': 44, 'tpartpT': 27.633991, 'tparteta': 3.3436406, 'tpartphi': -3.1113672, 'tpartm': 124.99995}
{'tpartpdgID': 25, 'tpartstatus': 44, 'tpartpT': 28.605537, 'tparteta': 3.3092146, 'tpartphi': -3.1039073, 'tpartm': 124.99995}
{'tpartpdgID': 25, 'tpartstatus': 62, 'tpartpT': 28.974976, 'tparteta': 3.2963965, 'tpartphi': -3.1060863, 'tpartm': 124.99995}
{'tpartpdgID': 22, 'tpartstatus': 1, 'tpartpT': 38.9013, 'tparteta': 1.0083829, 'tpartphi': -0.39162475, 'tpartm': 0.0}
{'tpartpdgID': 22, 'tpartstatus': 1, 'tpartpT': 66.36758, 'tparteta': 2.3495357, 'tpartphi': 2.9318283, 'tpartm': 0.0}

{'tpartpdgID': 2, 'tpartstatus': 23, 'tpartpT': 11.283219, 'tparteta': 3.6565099, 'tpartphi': 0.61650705, 'tpartm': 0.33}
{'tpartpdgID': 2, 'tpartstatus': 23, 'tpartpT': 13.722678, 'tparteta': -4.84186, 'tpartphi': -0.21963939, 'tpartm': 0.33}
{'tpartpdgID': 1, 'tpartstatus': 23, 'tpartpT': 6.190711, 'tparteta': 2.5142486, 'tpartphi': -0.41890433, 'tpartm': 0.33}
{'tpartpdgID': 25, 'tpartstatus': 44, 'tpartpT': 28.300095, 'tparteta': 3.3181028, 'tpartphi': -3.1047182, 'tpartm': 124.99995}
{'tpartpdgID': 25, 'tpartstatus': 44, 'tpartpT': 27.633991, 'tparteta': 3.3436406, 'tpartphi': -3.1113672, 'tpartm': 124.99995}
{'tpartpdgID': 25, 'tpartstatus': 44, 'tpartpT': 28.605537, 'tparteta': 3.3092146, 'tpartphi': -3.1039073, 'tpartm': 124.99995}
{'tpartpdgID': 25, 'tpartstatus': 62, 'tpartpT': 28.974976, 'tparteta': 3.2963965, 'tpartphi': -3.1060863, 'tpartm': 124.99995}
{'tpartpdgID': 22, 'tpartstatus': 1, 'tpartpT': 38.9013, 'tparteta': 1.0083829, 'tpartphi': -0.39162475, 'tpartm': 0.0}

[22, 22]
{'tpartpdgID': 1, 'tpartstatus': 23, 'tpartpT': 11.982881, 'tparteta': 3.8356173, 'tpartphi': -1.4074515, 'tpartm': 0.33}
{'tpartpdgID': 1, 'tpartstatus': 23, 'tpartpT': 37.990112, 'tparteta': 0.5246886, 'tpartphi': -1.479193, 'tpartm': 0.33}
{'tpartpdgID': 21, 'tpartstatus': 23, 'tpartpT': 1.6434066, 'tparteta': 6.9629683, 'tpartphi': -2.4461162, 'tpartm': 1.8688124e-05}
{'tpartpdgID': 25, 'tpartstatus': 62, 'tpartpT': 50.59704, 'tparteta': 2.2008417, 'tpartphi': 1.6613172, 'tpartm': 125.00205}
{'tpartpdgID': 22, 'tpartstatus': 1, 'tpartpT': 12.090023, 'tparteta': 3.5273345, 'tpartphi': -0.023048675, 'tpartm': 0.0}

{'tpartpdgID': 1, 'tpartstatus': 23, 'tpartpT': 11.982881, 'tparteta': 3.8356173, 'tpartphi': -1.4074515, 'tpartm': 0.33}
{'tpartpdgID': 1, 'tpartstatus': 23, 'tpartpT': 37.990112, 'tparteta': 0.5246886, 'tpartphi': -1.479193, 'tpartm': 0.33}

[-1, 1]
{'tpartpdgID': 2, 'tpartstatus': 23, 'tpartpT': 79.76958, 'tparteta': -0.51666105, 'tpartphi': 1.145217, 'tpartm': 0.33}

{'tpartpdgID': 2, 'tpartstatus': 23, 'tpartpT': 79.76958, 'tparteta': -0.51666105, 'tpartphi': 1.145217, 'tpartm': 0.33}
{'tpartpdgID': 1, 'tpartstatus': 23, 'tpartpT': 61.045185, 'tparteta': -2.3317058, 'tpartphi': -1.8784531, 'tpartm': 0.33}
{'tpartpdgID': 21, 'tpartstatus': 23, 'tpartpT': 5.0530005, 'tparteta': 0.93750674, 'tpartphi': -0.9250238, 'tpartm': 3.9537247e-07}
{'tpartpdgID': 25, 'tpartstatus': 44, 'tpartpT': 20.03357, 'tparteta': -4.1580667, 'tpartphi': -2.5837982, 'tpartm': 125.00255}
{'tpartpdgID': 25, 'tpartstatus': 44, 'tpartpT': 20.54681, 'tparteta': -4.1380424, 'tpartphi': -2.630636, 'tpartm': 125.00255}
{'tpartpdgID': 25, 'tpartstatus': 62, 'tpartpT': 21.034851, 'tparteta': -4.1139116, 'tpartphi': -2.6824734, 'tpartm': 125.00255}
{'tpartpdgID': 22, 'tpartstatus': 1, 'tpartpT': 50.89834, 'tparteta': -2.9220777, 'tpartphi': 1.8563775, 'tpartm': 0.0}
{'tpartpdgID': 22, 'tpartstatus': 1, 'tpartpT': 58.333836, 'tparteta': -1.8013371, 'tpartphi': -1.6483198, 'tpartm': 0.0}

{'tpartpdgID': 2, 'tpartstatus': 23, 'tpartpT': 79.76958, 'tparteta': -0.51666105, 'tpartphi': 1.145217, 'tpartm': 0.33}
{'tpartpdgID': 1, 'tpartstatus': 23, 'tpartpT': 61.045185, 'tparteta': -2.3317058, 'tpartphi': -1.8784531, 'tpartm': 0.33}

{'tpartpdgID': 2, 'tpartstatus': 23, 'tpartpT': 79.76958, 'tparteta': -0.51666105, 'tpartphi': 1.145217, 'tpartm': 0.33}
{'tpartpdgID': 1, 'tpartstatus': 23, 'tpartpT': 61.045185, 'tparteta': -2.3317058, 'tpartphi': -1.8784531, 'tpartm': 0.33}
{'tpartpdgID': 21, 'tpartstatus': 23, 'tpartpT': 5.0530005, 'tparteta': 0.93750674, 'tpartphi': -0.9250238, 'tpartm': 3.9537247e-07}
{'tpartpdgID': 25, 'tpartstatus': 44, 'tpartpT': 20.03357, 'tparteta': -4.1580667, 'tpartphi': -2.5837982, 'tpartm': 125.00255}
{'tpartpdgID': 25, 'tpartstatus': 44, 'tpartpT': 20.54681, 'tparteta': -4.1380424, 'tpartphi': -2.630636, 'tpartm': 125.00255}
{'tpartpdgID': 25, 'tpartstatus': 62, 'tpartpT': 21.034851, 'tparteta': -4.1139116, 'tpartphi': -2.6824734, 'tpartm': 125.00255}
{'tpartpdgID': 22, 'tpartstatus': 1, 'tpartpT': 50.89834, 'tparteta': -2.9220777, 'tpartphi': 1.8563775, 'tpartm': 0.0}

[2, 22, 1, 22]
{'tpartpdgID': 1, 'tpartstatus': 23, 'tpartpT': 94.38308, 'tparteta': -0.08787998, 'tpartphi': -2.5332916, 'tpartm': 0.33}
{'tpartpdgID': 2, 'tpartstatus': 23, 'tpartpT': 34.736034, 'tparteta': -5.0809016, 'tpartphi': -1.0684646, 'tpartm': 0.33}
{'tpartpdgID': 21, 'tpartstatus': 23, 'tpartpT': 13.260725, 'tparteta': 1.1588124, 'tpartphi': 0.12127466, 'tpartm': 1.0115243e-06}
{'tpartpdgID': 25, 'tpartstatus': 44, 'tpartpT': 95.487045, 'tparteta': 0.3436889, 'tpartphi': 1.047332, 'tpartm': 125.0067}
{'tpartpdgID': 25, 'tpartstatus': 44, 'tpartpT': 97.78084, 'tparteta': 0.3274683, 'tpartphi': 1.0563815, 'tpartm': 125.0067}
{'tpartpdgID': 25, 'tpartstatus': 44, 'tpartpT': 99.74203, 'tparteta': 0.31189093, 'tpartphi': 1.0467972, 'tpartm': 125.0067}
{'tpartpdgID': 25, 'tpartstatus': 62, 'tpartpT': 100.678894, 'tparteta': 0.3045313, 'tpartphi': 1.040162, 'tpartm': 125.0067}
{'tpartpdgID': 22, 'tpartstatus': 1, 'tpartpT': 30.323559, 'tparteta': 0.449122, 'tpartphi': -1.6796377, 'tpartm': 0.0}
{'tpartpdgID': 22, 'tpartstatus': 1, 'tpartpT': 128.94379, 'tparteta': 0.13188049, 'tpartphi': 1.1365887, 'tpartm': 0.0}

{'tpartpdgID': 1, 'tpartstatus': 23, 'tpartpT': 94.38308, 'tparteta': -0.08787998, 'tpartphi': -2.5332916, 'tpartm': 0.33}

[22, 1]
{'tpartpdgID': 1, 'tpartstatus': 23, 'tpartpT': 47.408936, 'tparteta': 2.756357, 'tpartphi': 1.5222691, 'tpartm': 0.33}
{'tpartpdgID': 1, 'tpartstatus': 23, 'tpartpT': 15.91193, 'tparteta': -1.1533945, 'tpartphi': 0.17083886, 'tpartm': 0.33}
{'tpartpdgID': 2, 'tpartstatus': 23, 'tpartpT': 5.7647367, 'tparteta': 1.9001181, 'tpartphi': -0.14667913, 'tpartm': 0.33}
{'tpartpdgID': 25, 'tpartstatus': 44, 'tpartpT': 55.01541, 'tparteta': 2.0263438, 'tpartphi': -2.0046613, 'tpartm': 124.99703}
{'tpartpdgID': 25, 'tpartstatus': 44, 'tpartpT': 56.000957, 'tparteta': 2.0141215, 'tpartphi': -2.0103645, 'tpartm': 124.99703}
{'tpartpdgID': 25, 'tpartstatus': 44, 'tpartpT': 56.375156, 'tparteta': 2.0095644, 'tpartphi': -1.9954231, 'tpartm': 124.99703}

{'tpartpdgID': 1, 'tpartstatus': 23, 'tpartpT': 47.408936, 'tparteta': 2.756357, 'tpartphi': 1.5222691, 'tpartm': 0.33}

[-1, 1]
{'tpartpdgID': 1, 'tpartstatus': 23, 'tpartpT': 31.065538, 'tparteta': 4.0576754, 'tpartphi': -0.43771252, 'tpartm': 0.33}
{'tpartpdgID': 1, 'tpartstatus': 23, 'tpartpT': 133.64441, 'tparteta': 0.09332206, 'tpartphi': 0.5971643, 'tpartm': 0.33}
{'tpartpdgID': 21, 'tpartstatus': 23, 'tpartpT': 0.5126398, 'tparteta': -0.516732, 'tpartphi': 0.5543157, 'tpartm': 2.6935678e-07}
{'tpartpdgID': 25, 'tpartstatus': 44, 'tpartpT': 152.61919, 'tparteta': 1.934811, 'tpartphi': -2.7285914, 'tpartm': 124.99846}
{'tpartpdgID': 25, 'tpartstatus': 44, 'tpartpT': 152.63274, 'tparteta': 1.9336711, 'tpartphi': -2.7299907, 'tpartm': 124.99846}

{'tpartpdgID': 1, 'tpartstatus': 23, 'tpartpT': 31.065538, 'tparteta': 4.0576754, 'tpartphi': -0.43771252, 'tpartm': 0.33}
{'tpartpdgID': 1, 'tpartstatus': 23, 'tpartpT': 133.64441, 'tparteta': 0.09332206, 'tpartphi': 0.5971643, 'tpartm': 0.33}

[-1, 1]
{'tpartpdgID': 1, 'tpartstatus': 23, 'tpartpT': 12.208508, 'tparteta': -3.2227058, 'tpartphi': -1.0366273, 'tpartm': 0.33}
{'tpartpdgID': 2, 'tpartstatus': 23, 'tpartpT': 86.96721, 'tparteta': -3.5870318, 'tpartphi': 1.3408461, 'tpartm': 0.33}
{'tpartpdgID': 21, 'tpartstatus': 23, 'tpartpT': 4.0627956, 'tparteta': -4.0218663, 'tpartphi': 0.4029373, 'tpartm': 2.3360155e-06}
{'tpartpdgID': 25, 'tpartstatus': 44, 'tpartpT': 81.35855, 'tparteta': -3.6126316, 'tpartphi': -1.9237344, 'tpartm': 125.008545}
{'tpartpdgID': 25, 'tpartstatus': 44, 'tpartpT': 80.26603, 'tparteta': -3.6164153, 'tpartphi': -1.9131199, 'tpartm': 125.008545}
{'tpartpdgID': 25, 'tpartstatus': 44, 'tpartpT': 79.3141, 'tparteta': -3.6200376, 'tpartphi': -1.904063, 'tpartm': 125.008545}
{'tpartpdgID': 25, 'tpartstatus': 44, 'tpartpT': 79.33309, 'tparteta': -3.6196396, 'tpartphi': -1.8957858, 'tpartm': 125.008545}
{'tpartpdgID': 25, 'tpartstatus': 44, 'tpartpT': 78.931114, 'tparteta': -3.62179, 'tpartphi': -1.8908145, 'tpartm': 125.008545}
{'tpartpdgID': 25, 'tpartstatus': 62, 'tpartpT': 78.97323, 'tparteta': -3.6206717, 'tpartphi': -1.8925818, 'tpartm': 125.008545}
{'tpartpdgID': 22, 'tpartstatus': 1, 'tpartpT': 66.53834, 'tparteta': -3.3086483, 'tpartphi': -0.82024485, 'tpartm': 0.0}
{'tpartpdgID': 22, 'tpartstatus': 1, 'tpartpT': 75.09871, 'tparteta': -2.7166708, 'tpartphi': -2.7843795, 'tpartm': 0.0}

{'tpartpdgID': 1, 'tpartstatus': 23, 'tpartpT': 12.208508, 'tparteta': -3.2227058, 'tpartphi': -1.0366273, 'tpartm': 0.33}
{'tpartpdgID': 2, 'tpartstatus': 23, 'tpartpT': 86.96721, 'tparteta': -3.5870318, 'tpartphi': 1.3408461, 'tpartm': 0.33}

{'tpartpdgID': 1, 'tpartstatus': 23, 'tpartpT': 12.208508, 'tparteta': -3.2227058, 'tpartphi': -1.0366273, 'tpartm': 0.33}

[22, 2, 1]
