
nutple file: /nfs/slac/g/atlas/u02/cmilke/datasets/VBFH125_gamgam/data-CxAOD-0.root
Basket: 0
[(TLorentzVector(208.21, 2.5285, 0.26362, 16.73), True), (TLorentzVector(174.69, -2.5433, -0.25191, 24.566), True), (TLorentzVector(99.091, -2.517, -1.5332, 4.6559), False)]
[(TLorentzVector(80.533, 2.5194, -1.7169, 11.916), True), (TLorentzVector(45.253, -0.46419, -0.66917, 8.7104), True), (TLorentzVector(30.812, -0.93604, 0.056374, 5.368), False)]
[(TLorentzVector(270.86, 1.2089, 2.8204, 25.16), True), (TLorentzVector(37.273, 2.0163, 2.1246, 8.9467), False), (TLorentzVector(37.033, -1.9201, 3.1011, 8.7992), True)]
[(TLorentzVector(106.68, 3.4442, 1.5078, 4.6668), True), (TLorentzVector(46.401, -1.8968, -1.2025, 6.1189), False), (TLorentzVector(35.712, -1.4601, -1.386, 3.5987), True)]
[(TLorentzVector(143.76, -3.0984, -2.2085, 21.022), True), (TLorentzVector(68.617, 1.2967, 0.83169, 9.7369), True), (TLorentzVector(31.417, 0.71738, 0.47655, 6.1595), False)]
[(TLorentzVector(62.823, -2.434, -2.6385, 9.3266), True), (TLorentzVector(56.426, 2.9479, 0.66693, 8.0568), True), (TLorentzVector(30.86, 2.3337, 0.20555, 7.3764), False)]
[(TLorentzVector(142.56, -1.071, -2.2525, 15.288), True), (TLorentzVector(69.106, 1.7182, 1.1113, 6.2559), True), (TLorentzVector(50.617, -1.0488, -2.7243, 4.7086), False)]
[(TLorentzVector(86.102, -0.47068, 0.044315, 6.3299), True), (TLorentzVector(63.283, -0.1536, 1.7052, 7.3143), True), (TLorentzVector(52.326, -2.7253, -2.6393, 5.2561), False)]
[(TLorentzVector(100.13, -1.0951, -0.56492, 14.109), True), (TLorentzVector(83.167, 2.4832, 3.0642, 9.9038), True), (TLorentzVector(42.038, 0.30785, 2.2952, 5.8646), False)]
[(TLorentzVector(116.58, -0.93677, -0.40496, 15.438), True), (TLorentzVector(76.075, 1.8671, 2.7575, 8.4176), True), (TLorentzVector(74.688, 2.8085, -2.6381, 5.32), False)]
[(TLorentzVector(80.942, 0.99769, -2.3572, 13.954), True), (TLorentzVector(71.837, 3.3222, -0.8406, 6.2583), True), (TLorentzVector(58.432, 0.46234, -2.9913, 7.3124), False)]
[(TLorentzVector(86.611, 3.1763, 2.8348, 7.5461), False), (TLorentzVector(67.523, 2.7442, 2.8209, 3.2945), True), (TLorentzVector(45.56, -1.9287, -0.40241, 6.1875), True)]
[(TLorentzVector(53.348, 3.5062, 0.3604, 2.0302), True), (TLorentzVector(40.245, -3.6822, -2.5967, 5.6691), True), (TLorentzVector(33.426, -2.6806, -0.52971, 2.376), False)]
[(TLorentzVector(81.469, -2.78, -1.1425, 4.9579), True), (TLorentzVector(52.853, -0.65305, 1.5256, 4.1425), True), (TLorentzVector(47.421, -2.2256, 1.5844, 8.9911), False)]
[(TLorentzVector(168.95, -2.669, 1.9306, 12.567), True), (TLorentzVector(105.07, 3.5189, 0.34505, 6.3838), True), (TLorentzVector(32.843, -2.1313, -3.0294, 5.4516), False)]
[(TLorentzVector(109.61, 2.8601, 1.2703, 4.8958), True), (TLorentzVector(109, -1.692, 1.6515, 22.377), True), (TLorentzVector(47.202, -2.5576, 1.1879, 3.9144), False)]
[(TLorentzVector(73.242, -1.6857, 1.3793, 16.317), True), (TLorentzVector(44.995, 0.82384, -0.59099, 8.8813), False), (TLorentzVector(32.245, 1.7129, 0.10015, 5.1777), True)]
[(TLorentzVector(143.8, -1.0214, 1.5196, 17.041), True), (TLorentzVector(70.657, -3.6178, 0.75293, 2.3653), True), (TLorentzVector(57.526, -0.93838, -2.5968, 6.1267), False)]
[(TLorentzVector(227.7, 1.7663, -1.0656, 20.535), True), (TLorentzVector(56.136, 1.3863, 0.36659, 8.6539), False), (TLorentzVector(32.781, -2.4818, 1.0584, 5.735), True)]
[(TLorentzVector(348.75, -1.7884, -2.9116, 16.631), True), (TLorentzVector(163.27, 0.83656, 0.56803, 16.276), True), (TLorentzVector(49.379, 1.3441, 0.85112, 9.3364), False)]
20
15, 13, 0.75, 0.65
13, 15, 0.65, 0.75


nutple file: /nfs/slac/g/atlas/u02/cmilke/datasets/ggH125_gamgam/data-CxAOD-0.root
Basket: 0
[(TLorentzVector(91.374, -0.39838, -2.118, 12.376), False), (TLorentzVector(39.841, 0.070313, -2.004, 6.9744), False), (TLorentzVector(35.518, 1.1537, 0.045402, 6.3081), False)]
[(TLorentzVector(55.294, 0.95767, -1.6197, 8.165), False), (TLorentzVector(43.519, 2.6097, 1.037, 3.4091), False), (TLorentzVector(30.079, 3.6928, 3.1035, 7.0052), False)]
[(TLorentzVector(80.115, -1.1878, 1.099, 10.792), False), (TLorentzVector(77.078, -0.71765, -2.1167, 11.875), False), (TLorentzVector(53.505, -2.0734, -1.5099, 11.989), False)]
[(TLorentzVector(80.743, -1.5504, -2.1828, 10.134), False), (TLorentzVector(67.883, 0.95688, -1.8525, 10.067), False), (TLorentzVector(49.857, 2.1378, -2.7107, 8.4973), False)]
[(TLorentzVector(104.51, -2.8338, 0.8513, 7.4742), False), (TLorentzVector(62.121, 2.118, 0.50791, 5.2526), False), (TLorentzVector(42.939, -2.4998, -1.3001, 4.9539), False)]
[(TLorentzVector(154.73, 0.2418, 0.56875, 22.298), False), (TLorentzVector(97.691, -1.7001, 1.047, 8.0193), False), (TLorentzVector(77.101, 0.2527, -2.8387, 11.419), False)]
[(TLorentzVector(542.14, 1.1141, -2.744, 30.007), True), (TLorentzVector(39.937, -1.7305, -0.79224, 9.0211), False), (TLorentzVector(39.352, 0.48228, 0.77895, 7.541), False)]
[(TLorentzVector(85.939, 1.2581, 0.40156, 8.0533), True), (TLorentzVector(44.509, 0.51129, 1.7939, 9.6101), True), (TLorentzVector(30.707, 0.65759, 1.344, 7.0062), False)]
[(TLorentzVector(199.8, -0.89523, 1.6878, 23.993), True), (TLorentzVector(56.041, 2.686, -2.2181, 6.8418), False), (TLorentzVector(38.096, 0.19238, -3.0842, 8.3173), False)]
[(TLorentzVector(106.62, 0.58068, 2.616, 14.841), False), (TLorentzVector(54.866, 0.90324, -1.817, 10.629), False), (TLorentzVector(35.752, -2.2484, -2.7654, 4.3227), False)]
[(TLorentzVector(155.89, 2.0701, 1.8738, 11.127), True), (TLorentzVector(115.95, -3.0228, -1.2185, 9.4106), False), (TLorentzVector(69.908, -2.2742, 1.8685, 7.524), False)]
[(TLorentzVector(102.94, -0.23264, -2.6022, 9.7358), False), (TLorentzVector(102.29, 2.6389, 0.73089, 7.5072), True), (TLorentzVector(30.348, 1.632, -2.2398, 6.1172), False)]
[(TLorentzVector(84.01, -0.27719, 0.71273, 13.707), False), (TLorentzVector(47.611, 0.060943, 2.152, 6.8793), False), (TLorentzVector(31.804, 3.4971, 2.2629, 6.6885), False)]
[(TLorentzVector(209.54, -1.073, -1.4876, 10.391), True), (TLorentzVector(112.59, 1.7102, 0.8956, 11.398), True), (TLorentzVector(39.458, 1.6585, -0.45346, 5.4489), False)]
[(TLorentzVector(373.25, -0.9316, -1.9805, 31.849), True), (TLorentzVector(173.67, 0.83224, 0.39195, 27.268), False), (TLorentzVector(117.48, 1.3287, 0.63453, 13.72), False)]
[(TLorentzVector(162.89, -1.2567, -2.8173, 16.739), False), (TLorentzVector(88.986, 1.8332, 0.053387, 13.903), False), (TLorentzVector(34.271, 3.8837, 2.6611, 6.9437), False)]
[(TLorentzVector(507.16, -1.4729, -0.38439, 64.769), False), (TLorentzVector(151.96, -0.88502, 2.3273, 25.271), False), (TLorentzVector(33.615, 2.3072, -1.5661, 7.3443), False)]
[(TLorentzVector(69.976, -0.67211, -1.262, 15.392), False), (TLorentzVector(61.234, 0.16626, -2.6965, 12.194), False), (TLorentzVector(31.519, -1.325, -1.312, 5.6701), False)]
[(TLorentzVector(69.954, -1.7235, -1.0176, 11.998), False), (TLorentzVector(56.55, -1.1587, 1.9349, 9.5669), False), (TLorentzVector(31.574, -0.76923, -2.4444, 6.9614), False)]
[(TLorentzVector(173.52, 1.5797, -1.8323, 28.559), False), (TLorentzVector(147.75, 1.6091, 1.7524, 19.929), False), (TLorentzVector(51.557, -0.67321, 1.6925, 9.1567), False)]
[(TLorentzVector(55.633, -2.5044, -0.84266, 8.6876), False), (TLorentzVector(52.014, -0.60285, -1.8329, 10.739), False), (TLorentzVector(35.366, -2.3448, -1.405, 4.4969), False)]
[(TLorentzVector(277.39, 2.5723, 3.1055, 9.7847), True), (TLorentzVector(52.173, -1.416, 0.51872, 5.7747), False), (TLorentzVector(46.274, -0.17725, -0.75485, 9.1866), False)]
[(TLorentzVector(77.631, 1.8534, -1.9041, 11.067), False), (TLorentzVector(51.474, 3.0286, -2.1636, 2.9126), False), (TLorentzVector(50.406, 1.7944, -2.3767, 4.2381), False)]
[(TLorentzVector(263.97, -0.76252, -1.5348, 29.136), False), (TLorentzVector(108.12, -1.1974, 2.7523, 13.519), True), (TLorentzVector(31.334, -0.71461, 2.166, 5.6648), False)]
24
13, 13, 0.54, 0.54
